<html>
<head>
<title>TestNG:  Validations</title>
<link href="../testng.css" rel="stylesheet" type="text/css" />
<link href="../my-testng.css" rel="stylesheet" type="text/css" />

<style type="text/css">
.log { display: none;} 
.stack-trace { display: none;} 
</style>
<script type="text/javascript">
<!--
function flip(e) {
  current = e.style.display;
  if (current == 'block') {
    e.style.display = 'none';
    return 0;
  }
  else {
    e.style.display = 'block';
    return 1;
  }
}

function toggleBox(szDivId, elem, msg1, msg2)
{
  var res = -1;  if (document.getElementById) {
    res = flip(document.getElementById(szDivId));
  }
  else if (document.all) {
    // this is the way old msie versions work
    res = flip(document.all[szDivId]);
  }
  if(elem) {
    if(res == 0) elem.innerHTML = msg1; else elem.innerHTML = msg2;
  }

}

function toggleAllBoxes() {
  if (document.getElementsByTagName) {
    d = document.getElementsByTagName('div');
    for (i = 0; i < d.length; i++) {
      if (d[i].className == 'log') {
        flip(d[i]);
      }
    }
  }
}

// -->
</script>

</head>
<body>
<h2 align='center'>Validations</h2><table border='1' align="center">
<tr>
<td>Tests passed/Failed/Skipped:</td><td>7/1/0</td>
</tr><tr>
<td>Started on:</td><td>Mon Nov 22 14:28:17 IST 2021</td>
</tr>
<tr><td>Total time:</td><td>111 seconds (111867 ms)</td>
</tr><tr>
<td>Included groups:</td><td></td>
</tr><tr>
<td>Excluded groups:</td><td></td>
</tr>
</table><p/>
<small><i>(Hover the method name to see the test class name)</i></small><p/>
<table width='100%' border='1' class='invocation-failed'>
<tr><td colspan='4' align='center'><b>FAILED TESTS</b></td></tr>
<tr><td><b>Test method</b></td>
<td width="30%"><b>Exception</b></td>
<td width="10%"><b>Time (seconds)</b></td>
<td><b>Instance</b></td>
</tr>
<tr>
<td title='testRunner.TestRunner.runScenario()'><b>runScenario</b><br>Test class: testRunner.TestRunner<br>Test method: Runs Cucumber Scenarios<br>Parameters: "", "Optional[Validating the Login functionality.]"</td>
<td><div><pre>java.lang.AssertionError: expected [false] but found [true]
	at com.mindtree.pageObject.HomePage.validateLogin(HomePage.java:51)
	at stepDefinition.LoginStepDefinition.verify_that_the_user_is_unable_to_log_in_to_the_page(LoginStepDefinition.java:28)
	at ?.verify that the user is unable to log in to the page(file:///C:/Users/Spoorthy/eclipse-workspace/BigSmallAppBDD/src/test/java/feature/Login.feature:9)
... Removed 4 stack frames</pre></div><a href='#' onClick='toggleBox("stack-trace247334525", this, "Click to show all stack frames", "Click to hide stack frames")'>Click to show all stack frames</a>
<div class='stack-trace' id='stack-trace247334525'><pre>java.lang.AssertionError: expected [false] but found [true]
	at org.testng.Assert.fail(Assert.java:94)
	at org.testng.Assert.failNotEquals(Assert.java:494)
	at org.testng.Assert.assertFalse(Assert.java:63)
	at org.testng.Assert.assertFalse(Assert.java:73)
	at com.mindtree.pageObject.HomePage.validateLogin(HomePage.java:51)
	at stepDefinition.LoginStepDefinition.verify_that_the_user_is_unable_to_log_in_to_the_page(LoginStepDefinition.java:28)
	at ?.verify that the user is unable to log in to the page(file:///C:/Users/Spoorthy/eclipse-workspace/BigSmallAppBDD/src/test/java/feature/Login.feature:9)
</pre></div></td>
<td>7</td>
<td>testRunner.TestRunner@2d778add</td></tr>
</table><p>
<table width='100%' border='1' class='invocation-passed'>
<tr><td colspan='4' align='center'><b>PASSED TESTS</b></td></tr>
<tr><td><b>Test method</b></td>
<td width="30%"><b>Exception</b></td>
<td width="10%"><b>Time (seconds)</b></td>
<td><b>Instance</b></td>
</tr>
<tr>
<td title='testRunner.TestRunner.runScenario()'><b>runScenario</b><br>Test class: testRunner.TestRunner<br>Test method: Runs Cucumber Scenarios<br>Parameters: "", "Optional[Validating the cash on delivery functionality.]"</td>
<td></td>
<td>13</td>
<td>testRunner.TestRunner@2d778add</td></tr>
<tr>
<td title='testRunner.TestRunner.runScenario()'><b>runScenario</b><br>Test class: testRunner.TestRunner<br>Test method: Runs Cucumber Scenarios<br>Parameters: "", "Optional[Validating if an item is moving from wishlist to the cart]"</td>
<td></td>
<td>23</td>
<td>testRunner.TestRunner@2d778add</td></tr>
<tr>
<td title='testRunner.TestRunner.runScenario()'><b>runScenario</b><br>Test class: testRunner.TestRunner<br>Test method: Runs Cucumber Scenarios<br>Parameters: "", "Optional[Validating the Login functionality.]"</td>
<td></td>
<td>17</td>
<td>testRunner.TestRunner@2d778add</td></tr>
<tr>
<td title='testRunner.TestRunner.runScenario()'><b>runScenario</b><br>Test class: testRunner.TestRunner<br>Test method: Runs Cucumber Scenarios<br>Parameters: "", "Optional[Validating if an item in New page is getting added into the cart.]"</td>
<td></td>
<td>14</td>
<td>testRunner.TestRunner@2d778add</td></tr>
<tr>
<td title='testRunner.TestRunner.runScenario()'><b>runScenario</b><br>Test class: testRunner.TestRunner<br>Test method: Runs Cucumber Scenarios<br>Parameters: "", "Optional[Validating AddToCart Functionality]"</td>
<td></td>
<td>14</td>
<td>testRunner.TestRunner@2d778add</td></tr>
<tr>
<td title='testRunner.TestRunner.runScenario()'><b>runScenario</b><br>Test class: testRunner.TestRunner<br>Test method: Runs Cucumber Scenarios<br>Parameters: "", "Optional[Validating Search Results]"</td>
<td></td>
<td>11</td>
<td>testRunner.TestRunner@2d778add</td></tr>
<tr>
<td title='testRunner.TestRunner.runScenario()'><b>runScenario</b><br>Test class: testRunner.TestRunner<br>Test method: Runs Cucumber Scenarios<br>Parameters: "", "Optional[Validating if secretsanta gifts are displaying in reverse alphabetic order.]"</td>
<td></td>
<td>9</td>
<td>testRunner.TestRunner@2d778add</td></tr>
</table><p>
</body>
</html>